****************************************START********************************************
Scenario1
Publish-Overwrite previous deployment-ON(Staging)
StartTime:11:32:04 PM
RDP Connection:- NO

-----Test Passed-----

EndTime:11:42:42 PM
 
*****************************************END*********************************************
****************************************START********************************************
Scenario1
Publish-Overwrite previous deployment-ON(Staging)
StartTime:2:04:29 AM
RDP Connection:- NO

-----Test Passed-----

EndTime:2:15:12 AM
 
*****************************************END*********************************************
****************************************START********************************************
Scenario7
Session Affinity
StartTime:3:02:49 AM

-----Emulator Test Passed-----

EndTime:3:10:51 AM
 
*****************************************END*********************************************
****************************************START********************************************
Scenario12
SessionAffinity-SSL Offloading
StartTime:3:13:00 AM
RDP Connection:- NO

-----Test Failed-----

EndTime:3:30:43 AM
 
*****************************************END*********************************************
****************************************START********************************************
Scenario8
Caching
StartTime:3:32:16 AM
RDP Connection:- NO

-----Test Passed-----

EndTime:3:46:12 AM
 
*****************************************END*********************************************
****************************************START********************************************
Scenario11
ACS
StartTime:3:47:01 AM
RDP Connection:- NO

-----Test Failed-----

EndTime:3:58:36 AM
 
*****************************************END*********************************************
****************************************START********************************************
Scenario14
ACS-SSL Offloading-SessionAffinity
StartTime:4:10:42 AM

------Cannot Open Eclipse!--------
----Test Failed----
EndTime:4:12:30 AM
 
*****************************************END*********************************************
****************************************START********************************************
Scenario15
ACS-Session Affinity
StartTime:5:11:54 AM
RDP Connection:- NO

-----Test Failed-----

EndTime:5:26:13 AM
 
*****************************************END*********************************************
****************************************START********************************************
Scenario15
ACS-Session Affinity
StartTime:5:31:48 AM

------Cannot Open Eclipse!--------
----Test Failed----
EndTime:5:33:07 AM
 
*****************************************END*********************************************
****************************************START********************************************
Scenario15
ACS-Session Affinity
StartTime:5:33:54 AM
RDP Connection:- NO

-----Test Failed-----

EndTime:5:49:07 AM
 
*****************************************END*********************************************
****************************************START********************************************
Scenario1
Publish-Overwrite previous deployment-ON(Staging)
StartTime:12:42:22 AM

------Cannot Open Eclipse!--------
----Test Failed----
EndTime:12:42:43 AM
 
*****************************************END*********************************************
****************************************START********************************************
Scenario1
Publish-Overwrite previous deployment-ON(Staging)
StartTime:12:54:18 AM
RDP Connection:- NO

-----Test Passed-----

EndTime:1:07:40 AM
 
*****************************************END*********************************************
****************************************START********************************************
Scenario1
Publish-Overwrite previous deployment-ON(Staging)
StartTime:3:04:46 AM
RDP Connection:- NO

-----Test Passed-----

EndTime:3:18:03 AM
 
*****************************************END*********************************************
****************************************START********************************************
Scenario1
Publish-Overwrite previous deployment-ON(Staging)
StartTime:12:50:11 AM
RDP Connection:- YES

-----Test Failed-----

EndTime:1:00:56 AM
 
*****************************************END*********************************************
****************************************START********************************************
Scenario6
Publish-with different 3rd party JDK package available on azure and server
StartTime:1:01:27 AM
RDP Connection:- NO

-----Test Failed-----

EndTime:1:17:01 AM
 
*****************************************END*********************************************
****************************************START********************************************
Scenario1
Publish-Overwrite previous deployment-ON(Staging)
StartTime:1:22:47 AM

------Error in Publishing to Cloud (Cannot Open: Java EE - MyHelloWorld/WebContent/index.jsp - Eclipse)--------
----Test Failed----
EndTime:1:24:57 AM
 
*****************************************END*********************************************
****************************************START********************************************
Scenario6
Publish-with different 3rd party JDK package available on azure and server
StartTime:1:29:59 AM
RDP Connection:- NO

-----Test Failed-----

EndTime:1:43:40 AM
 
*****************************************END*********************************************
****************************************START********************************************
Scenario13
ACS-SSL Offloading
StartTime:4:26:48 AM
RDP Connection:- NO

------Error in Publishing-------
----Test Failed----
EndTime:4:32:02 AM
 
*****************************************END*********************************************
****************************************START********************************************
Scenario7
Session Affinity
StartTime:2:32:38 AM
RDP Connection:- NO

------Error in Publishing-------
----Test Failed----
EndTime:2:37:38 AM
 
*****************************************END*********************************************
****************************************START********************************************
Scenario11
ACS
StartTime:2:39:13 AM
RDP Connection:- NO

------Error in Publishing-------
----Test Failed----
EndTime:2:42:54 AM
 
*****************************************END*********************************************
****************************************START********************************************
Scenario11
ACS
StartTime:2:52:54 AM

------Cannot Open Workspace Launcher!--------
----Test Failed----
EndTime:2:53:03 AM
 
*****************************************END*********************************************
****************************************START********************************************
Scenario11
ACS
StartTime:2:56:49 AM
RDP Connection:- NO

------Error in Publishing-------
----Test Failed----
EndTime:3:00:52 AM
 
*****************************************END*********************************************
****************************************START********************************************
Scenario13
ACS-SSL Offloading
StartTime:3:41:29 AM

------Cannot Open Eclipse!--------
----Test Failed----
EndTime:3:42:18 AM
 
*****************************************END*********************************************
****************************************START********************************************
Scenario13
ACS-SSL Offloading
StartTime:5:20:03 AM

------Cannot Open Workspace Launcher!--------
----Test Failed----
EndTime:5:20:47 AM
 
*****************************************END*********************************************
****************************************START********************************************
Scenario13
ACS-SSL Offloading
StartTime:1:52:41 AM

------Cannot Open Eclipse!--------
----Test Failed----
EndTime:1:55:24 AM
 
*****************************************END*********************************************
****************************************START********************************************
Scenario1
Publish-Overwrite previous deployment-ON(Staging)
StartTime:3:45:15 AM
RDP Connection:- NO

-----Test Passed-----

EndTime:3:57:06 AM
 
*****************************************END*********************************************
****************************************START********************************************
Scenario1
Publish-Overwrite previous deployment-ON(Staging)
StartTime:6:45:17 AM
RDP Connection:- NO

------Error in Publishing-------
----Test Failed----
EndTime:6:48:21 AM
 
*****************************************END*********************************************
****************************************START********************************************
Scenario13
ACS-SSL Offloading
StartTime:6:48:35 AM
RDP Connection:- NO

-----Test Failed-----

EndTime:7:02:55 AM
 
*****************************************END*********************************************
****************************************START********************************************
Scenario13
ACS-SSL Offloading
StartTime:7:03:18 AM
RDP Connection:- NO

-----Test Failed-----

EndTime:7:17:31 AM
 
*****************************************END*********************************************
****************************************START********************************************
Scenario1
Publish-Overwrite previous deployment-ON(Staging)
StartTime:7:34:55 AM
RDP Connection:- NO

-----Test Failed-----

EndTime:7:45:02 AM
 
*****************************************END*********************************************
